<?xml version="1.0" encoding="UTF-8"?>
<testsuite name="processor.DoublerApplicationTests" tests="1" skipped="1" failures="0" errors="0" timestamp="2016-08-01T17:30:00" hostname="od-ws61" time="0.0">
  <properties/>
  <testcase name="contextLoads" classname="processor.DoublerApplicationTests" time="0.0">
    <skipped/>
  </testcase>
  <system-out><![CDATA[20:30:00.252 [Test worker] DEBUG org.springframework.test.context.junit4.SpringJUnit4ClassRunner - SpringJUnit4ClassRunner constructor called with [class processor.DoublerApplicationTests]
20:30:00.263 [Test worker] DEBUG org.springframework.test.context.BootstrapUtils - Instantiating CacheAwareContextLoaderDelegate from class [org.springframework.test.context.cache.DefaultCacheAwareContextLoaderDelegate]
20:30:00.268 [Test worker] DEBUG org.springframework.test.context.BootstrapUtils - Instantiating BootstrapContext using constructor [public org.springframework.test.context.support.DefaultBootstrapContext(java.lang.Class,org.springframework.test.context.CacheAwareContextLoaderDelegate)]
20:30:00.278 [Test worker] DEBUG org.springframework.test.context.BootstrapUtils - Instantiating TestContextBootstrapper for test class [processor.DoublerApplicationTests] from class [org.springframework.boot.test.context.SpringBootTestContextBootstrapper]
20:30:00.296 [Test worker] INFO org.springframework.boot.test.context.SpringBootTestContextBootstrapper - Neither @ContextConfiguration nor @ContextHierarchy found for test class [processor.DoublerApplicationTests], using SpringBootContextLoader
20:30:00.298 [Test worker] DEBUG org.springframework.test.context.support.AbstractContextLoader - Did not detect default resource location for test class [processor.DoublerApplicationTests]: class path resource [processor/DoublerApplicationTests-context.xml] does not exist
20:30:00.299 [Test worker] DEBUG org.springframework.test.context.support.AbstractContextLoader - Did not detect default resource location for test class [processor.DoublerApplicationTests]: class path resource [processor/DoublerApplicationTestsContext.groovy] does not exist
20:30:00.299 [Test worker] INFO org.springframework.test.context.support.AbstractContextLoader - Could not detect default resource locations for test class [processor.DoublerApplicationTests]: no resource found for suffixes {-context.xml, Context.groovy}.
20:30:00.299 [Test worker] INFO org.springframework.test.context.support.AnnotationConfigContextLoaderUtils - Could not detect default configuration classes for test class [processor.DoublerApplicationTests]: DoublerApplicationTests does not declare any static, non-private, non-final, nested classes annotated with @Configuration.
20:30:00.337 [Test worker] DEBUG org.springframework.test.context.support.ActiveProfilesUtils - Could not find an 'annotation declaring class' for annotation type [org.springframework.test.context.ActiveProfiles] and class [processor.DoublerApplicationTests]
20:30:00.380 [Test worker] DEBUG org.springframework.core.env.StandardEnvironment - Adding [systemProperties] PropertySource with lowest search precedence
20:30:00.381 [Test worker] DEBUG org.springframework.core.env.StandardEnvironment - Adding [systemEnvironment] PropertySource with lowest search precedence
20:30:00.381 [Test worker] DEBUG org.springframework.core.env.StandardEnvironment - Initialized StandardEnvironment with PropertySources [systemProperties,systemEnvironment]
20:30:00.388 [Test worker] DEBUG org.springframework.core.io.support.PathMatchingResourcePatternResolver - Resolved classpath location [processor/] to resources [URL [file:/home/mak/code/test/java/Streaming/Doubler/build/classes/test/processor/], URL [file:/home/mak/code/test/java/Streaming/Doubler/build/classes/main/processor/]]
20:30:00.389 [Test worker] DEBUG org.springframework.core.io.support.PathMatchingResourcePatternResolver - Looking for matching resources in directory tree [/home/mak/code/test/java/Streaming/Doubler/build/classes/test/processor]
20:30:00.389 [Test worker] DEBUG org.springframework.core.io.support.PathMatchingResourcePatternResolver - Searching directory [/home/mak/code/test/java/Streaming/Doubler/build/classes/test/processor] for files matching pattern [/home/mak/code/test/java/Streaming/Doubler/build/classes/test/processor/*.class]
20:30:00.391 [Test worker] DEBUG org.springframework.core.io.support.PathMatchingResourcePatternResolver - Looking for matching resources in directory tree [/home/mak/code/test/java/Streaming/Doubler/build/classes/main/processor]
20:30:00.391 [Test worker] DEBUG org.springframework.core.io.support.PathMatchingResourcePatternResolver - Searching directory [/home/mak/code/test/java/Streaming/Doubler/build/classes/main/processor] for files matching pattern [/home/mak/code/test/java/Streaming/Doubler/build/classes/main/processor/*.class]
20:30:00.391 [Test worker] DEBUG org.springframework.core.io.support.PathMatchingResourcePatternResolver - Resolved location pattern [classpath*:processor/*.class] to resources [file [/home/mak/code/test/java/Streaming/Doubler/build/classes/test/processor/DoublerApplicationTests.class], file [/home/mak/code/test/java/Streaming/Doubler/build/classes/main/processor/DoublerApplication.class]]
20:30:00.442 [Test worker] DEBUG org.springframework.context.annotation.ClassPathScanningCandidateComponentProvider - Identified candidate component class: file [/home/mak/code/test/java/Streaming/Doubler/build/classes/main/processor/DoublerApplication.class]
20:30:00.450 [Test worker] INFO org.springframework.boot.test.context.SpringBootTestContextBootstrapper - Found @SpringBootConfiguration processor.DoublerApplication for test class processor.DoublerApplicationTests
20:30:00.453 [Test worker] DEBUG org.springframework.boot.test.context.SpringBootTestContextBootstrapper - @TestExecutionListeners is not present for class [processor.DoublerApplicationTests]: using defaults.
20:30:00.456 [Test worker] INFO org.springframework.boot.test.context.SpringBootTestContextBootstrapper - Loaded default TestExecutionListener class names from location [META-INF/spring.factories]: [org.springframework.boot.test.mock.mockito.MockitoTestExecutionListener, org.springframework.boot.test.mock.mockito.ResetMocksTestExecutionListener, org.springframework.boot.test.autoconfigure.AutoConfigureReportTestExecutionListener, org.springframework.boot.test.autoconfigure.restdocs.RestDocsTestExecutionListener, org.springframework.boot.test.autoconfigure.web.client.MockRestServiceServerResetTestExecutionListener, org.springframework.test.context.web.ServletTestExecutionListener, org.springframework.test.context.support.DirtiesContextBeforeModesTestExecutionListener, org.springframework.test.context.support.DependencyInjectionTestExecutionListener, org.springframework.test.context.support.DirtiesContextTestExecutionListener, org.springframework.test.context.transaction.TransactionalTestExecutionListener, org.springframework.test.context.jdbc.SqlScriptsTestExecutionListener]
20:30:00.473 [Test worker] INFO org.springframework.boot.test.context.SpringBootTestContextBootstrapper - Using TestExecutionListeners: [org.springframework.test.context.web.ServletTestExecutionListener@28a18536, org.springframework.test.context.support.DirtiesContextBeforeModesTestExecutionListener@2bed4aa2, org.springframework.boot.test.autoconfigure.AutoConfigureReportTestExecutionListener@60f736d9, org.springframework.test.context.support.DependencyInjectionTestExecutionListener@54498c24, org.springframework.test.context.support.DirtiesContextTestExecutionListener@70e52bae, org.springframework.test.context.transaction.TransactionalTestExecutionListener@319cd74a, org.springframework.test.context.jdbc.SqlScriptsTestExecutionListener@68046e5e, org.springframework.boot.test.mock.mockito.MockitoTestExecutionListener@70b4f7d6, org.springframework.boot.test.autoconfigure.web.client.MockRestServiceServerResetTestExecutionListener@29d51a35, org.springframework.boot.test.mock.mockito.ResetMocksTestExecutionListener@7e24aec2, org.springframework.boot.test.autoconfigure.restdocs.RestDocsTestExecutionListener@359949c6]
20:30:00.475 [Test worker] DEBUG org.springframework.test.annotation.ProfileValueUtils - Retrieved @ProfileValueSourceConfiguration [null] for test class [processor.DoublerApplicationTests]
20:30:00.475 [Test worker] DEBUG org.springframework.test.annotation.ProfileValueUtils - Retrieved ProfileValueSource type [class org.springframework.test.annotation.SystemProfileValueSource] for class [processor.DoublerApplicationTests]
20:30:00.475 [Test worker] DEBUG org.springframework.test.annotation.ProfileValueUtils - Retrieved @ProfileValueSourceConfiguration [null] for test class [processor.DoublerApplicationTests]
20:30:00.475 [Test worker] DEBUG org.springframework.test.annotation.ProfileValueUtils - Retrieved ProfileValueSource type [class org.springframework.test.annotation.SystemProfileValueSource] for class [processor.DoublerApplicationTests]
]]></system-out>
  <system-err><![CDATA[]]></system-err>
</testsuite>
